Arguments: 
  /Users/saharshsamir/.nvm/versions/node/v16.13.2/bin/node /opt/homebrew/Cellar/yarn/1.22.17_2/libexec/bin/yarn.js add @mui/icons-materia

PATH: 
  /Users/saharshsamir/.yarn/bin:/opt/homebrew/bin:/Users/saharshsamir/.nvm/versions/node/v16.13.2/bin:/Users/saharshsamir/bin:/usr/local/bin:/Users/saharshsamir/opt/anaconda3/condabin:/Users/saharshsamir/.yarn/bin:/opt/homebrew/bin:/Users/saharshsamir/bin:/usr/local/bin:/usr/local/bin:/usr/bin:/bin:/usr/sbin:/sbin:/usr/bin/nasm:/Applications/VMware Fusion Tech Preview.app/Contents/Public:/Library/Apple/usr/bin:/Applications/Postgres.app/Contents/Versions/latest/bin:/Users/saharshsamir/.cargo/bin:/Users/saharshsamir/.local/bin:/Users/saharshsamir/.local/bin

Yarn version: 
  1.22.17

Node version: 
  16.13.2

Platform: 
  darwin arm64

Trace: 
  Error: https://registry.yarnpkg.com/@mui%2ficons-materia: Not found
      at Request.params.callback [as _callback] (/opt/homebrew/Cellar/yarn/1.22.17_2/libexec/lib/cli.js:67029:18)
      at Request.self.callback (/opt/homebrew/Cellar/yarn/1.22.17_2/libexec/lib/cli.js:140883:22)
      at Request.emit (node:events:390:28)
      at Request.<anonymous> (/opt/homebrew/Cellar/yarn/1.22.17_2/libexec/lib/cli.js:141855:10)
      at Request.emit (node:events:390:28)
      at IncomingMessage.<anonymous> (/opt/homebrew/Cellar/yarn/1.22.17_2/libexec/lib/cli.js:141777:12)
      at Object.onceWrapper (node:events:509:28)
      at IncomingMessage.emit (node:events:402:35)
      at endReadableNT (node:internal/streams/readable:1343:12)
      at processTicksAndRejections (node:internal/process/task_queues:83:21)

npm manifest: 
  {
    "name": "petscape_codebreak3.0",
    "version": "1.0.0",
    "description": "",
    "main": "index.js",
    "scripts": {
      "test": "echo \"Error: no test specified\" && exit 1",
      "server": "cd server && npm run nodemon",
      "frontend": "cd client && npm run start",
      "dev": "concurrently -c \"bgMagenta,bgBlue,\" npm:server npm:frontend"
  
    },
    "repository": {
      "type": "git",
      "url": "git+https://github.com/TMTuringMachine/PetsCape_CodeBreak3.0.git"
    },
    "author": "",
    "license": "ISC",
    "bugs": {
      "url": "https://github.com/TMTuringMachine/PetsCape_CodeBreak3.0/issues"
    },
    "homepage": "https://github.com/TMTuringMachine/PetsCape_CodeBreak3.0#readme",
    "dependencies": {
      "concurrently": "^7.0.0"
    }
  }

yarn manifest: 
  No manifest

Lockfile: 
  No lockfile
